c:\users\calvi\source\repos\edr\vdriver\x64\debug\vc143.pdb
c:\users\calvi\source\repos\edr\vdriver\x64\debug\kernel.obj
c:\users\calvi\source\repos\edr\x64\debug\vdriver\vdriver.cat
c:\users\calvi\source\repos\edr\x64\debug\vdriver.sys
c:\users\calvi\source\repos\edr\x64\debug\vdriver.pdb
c:\users\calvi\source\repos\edr\vdriver\x64\debug\vdriver.inf
c:\users\calvi\source\repos\edr\x64\debug\vdriver.cer
c:\users\calvi\source\repos\edr\x64\debug\vdriver.inf
c:\users\calvi\source\repos\edr\vdriver\x64\debug\vdriver.tlog\cl.command.1.tlog
c:\users\calvi\source\repos\edr\vdriver\x64\debug\vdriver.tlog\cl.items.tlog
c:\users\calvi\source\repos\edr\vdriver\x64\debug\vdriver.tlog\cl.read.1.tlog
c:\users\calvi\source\repos\edr\vdriver\x64\debug\vdriver.tlog\cl.write.1.tlog
c:\users\calvi\source\repos\edr\vdriver\x64\debug\vdriver.tlog\drvcat.command.1.tlog
c:\users\calvi\source\repos\edr\vdriver\x64\debug\vdriver.tlog\drvcat.read.1.tlog
c:\users\calvi\source\repos\edr\vdriver\x64\debug\vdriver.tlog\drvcat.write.1.tlog
c:\users\calvi\source\repos\edr\vdriver\x64\debug\vdriver.tlog\inf2cat-expand.32352.read.1.tlog
c:\users\calvi\source\repos\edr\vdriver\x64\debug\vdriver.tlog\inf2cat-expand.32352.write.1.tlog
c:\users\calvi\source\repos\edr\vdriver\x64\debug\vdriver.tlog\inf2cat-expand.read.1.tlog
c:\users\calvi\source\repos\edr\vdriver\x64\debug\vdriver.tlog\inf2cat-expand.write.1.tlog
c:\users\calvi\source\repos\edr\vdriver\x64\debug\vdriver.tlog\inf2cat.command.1.tlog
c:\users\calvi\source\repos\edr\vdriver\x64\debug\vdriver.tlog\inf2cat.read.1.tlog
c:\users\calvi\source\repos\edr\vdriver\x64\debug\vdriver.tlog\inf2cat.write.1.tlog
c:\users\calvi\source\repos\edr\vdriver\x64\debug\vdriver.tlog\link.command.1.tlog
c:\users\calvi\source\repos\edr\vdriver\x64\debug\vdriver.tlog\link.read.1.tlog
c:\users\calvi\source\repos\edr\vdriver\x64\debug\vdriver.tlog\link.secondary.1.tlog
c:\users\calvi\source\repos\edr\vdriver\x64\debug\vdriver.tlog\link.write.1.tlog
c:\users\calvi\source\repos\edr\vdriver\x64\debug\vdriver.tlog\signtool.command.1.tlog
c:\users\calvi\source\repos\edr\vdriver\x64\debug\vdriver.tlog\signtool.read.1.tlog
c:\users\calvi\source\repos\edr\vdriver\x64\debug\vdriver.tlog\signtool.timestamp.1.tlog
c:\users\calvi\source\repos\edr\vdriver\x64\debug\vdriver.tlog\signtool.write.1.tlog
c:\users\calvi\source\repos\edr\vdriver\x64\debug\vdriver.tlog\stampinf.command.1.tlog
c:\users\calvi\source\repos\edr\vdriver\x64\debug\vdriver.tlog\stampinf.read.1.tlog
c:\users\calvi\source\repos\edr\vdriver\x64\debug\vdriver.tlog\stampinf.write.1.tlog
